<?xml version="1.0" encoding="UTF-8"?>
<testng-results ignored="0" total="5" passed="4" failed="1" skipped="0">
  <reporter-output>
  </reporter-output>
  <suite started-at="2024-08-20T19:35:56 IST" name="OpenCart Regression Suite" finished-at="2024-08-20T19:36:17 IST" duration-ms="20619">
    <groups>
    </groups>
    <test started-at="2024-08-20T19:35:56 IST" name="Login Page Test" finished-at="2024-08-20T19:36:17 IST" duration-ms="20619">
      <class name="com.qa.opencart.tests.LoginPageTest">
        <test-method is-config="true" signature="setUp(java.lang.String)[pri:0, instance:com.qa.opencart.tests.LoginPageTest@575e572f]" started-at="2024-08-20T19:35:56 IST" name="setUp" finished-at="2024-08-20T19:36:08 IST" duration-ms="11932" status="PASS">
          <params>
            <param index="0">
              <value>
                <![CDATA[chrome]]>
              </value>
            </param>
          </params>
          <reporter-output>
          </reporter-output>
        </test-method> <!-- setUp -->
        <test-method signature="forgotPwdLinkExistTest()[pri:0, instance:com.qa.opencart.tests.LoginPageTest@575e572f]" started-at="2024-08-20T19:36:08 IST" name="forgotPwdLinkExistTest" finished-at="2024-08-20T19:36:09 IST" duration-ms="443" status="PASS">
          <reporter-output>
          </reporter-output>
        </test-method> <!-- forgotPwdLinkExistTest -->
        <test-method signature="isLogoExistTest()[pri:0, instance:com.qa.opencart.tests.LoginPageTest@575e572f]" started-at="2024-08-20T19:36:09 IST" name="isLogoExistTest" finished-at="2024-08-20T19:36:09 IST" duration-ms="120" status="PASS">
          <reporter-output>
          </reporter-output>
        </test-method> <!-- isLogoExistTest -->
        <test-method signature="loginPageTitleTest()[pri:0, instance:com.qa.opencart.tests.LoginPageTest@575e572f]" started-at="2024-08-20T19:36:09 IST" name="loginPageTitleTest" finished-at="2024-08-20T19:36:09 IST" duration-ms="138" status="PASS">
          <reporter-output>
          </reporter-output>
        </test-method> <!-- loginPageTitleTest -->
        <test-method signature="loginPageUrlTest()[pri:0, instance:com.qa.opencart.tests.LoginPageTest@575e572f]" started-at="2024-08-20T19:36:09 IST" name="loginPageUrlTest" finished-at="2024-08-20T19:36:10 IST" duration-ms="47" status="PASS">
          <reporter-output>
          </reporter-output>
        </test-method> <!-- loginPageUrlTest -->
        <test-method signature="loginTest()[pri:5, instance:com.qa.opencart.tests.LoginPageTest@575e572f]" started-at="2024-08-20T19:36:10 IST" name="loginTest" finished-at="2024-08-20T19:36:16 IST" duration-ms="6477" status="FAIL">
          <exception class="org.openqa.selenium.TimeoutException">
            <message>
              <![CDATA[Expected condition failed: waiting for visibility of element located by By.linkText: Logout (tried for 5 second(s) with 500 milliseconds interval)
Build info: version: '4.15.0', revision: '1d14b5521b'
System info: os.name: 'Windows 11', os.arch: 'amd64', os.version: '10.0', java.version: '11.0.19'
Driver info: org.openqa.selenium.chrome.ChromeDriver
Capabilities {acceptInsecureCerts: false, browserName: chrome-headless-shell, browserVersion: 127.0.6533.120, chrome: {chromedriverVersion: 127.0.6533.119 (bdef6783a05..., userDataDir: C:\Users\Shammi\AppData\Loc...}, fedcm:accounts: true, goog:chromeOptions: {debuggerAddress: localhost:57612}, networkConnectionEnabled: false, pageLoadStrategy: normal, platformName: windows, proxy: Proxy(), se:cdp: ws://localhost:57612/devtoo..., se:cdpVersion: 127.0.6533.120, setWindowRect: true, strictFileInteractability: false, timeouts: {implicit: 0, pageLoad: 300000, script: 30000}, unhandledPromptBehavior: dismiss and notify, webauthn:extension:credBlob: true, webauthn:extension:largeBlob: true, webauthn:extension:minPinLength: true, webauthn:extension:prf: true, webauthn:virtualAuthenticators: true}
Session ID: 0665e7967235076f42ecc7af79e15052]]>
            </message>
            <full-stacktrace>
              <![CDATA[org.openqa.selenium.TimeoutException: Expected condition failed: waiting for visibility of element located by By.linkText: Logout (tried for 5 second(s) with 500 milliseconds interval)
Build info: version: '4.15.0', revision: '1d14b5521b'
System info: os.name: 'Windows 11', os.arch: 'amd64', os.version: '10.0', java.version: '11.0.19'
Driver info: org.openqa.selenium.chrome.ChromeDriver
Capabilities {acceptInsecureCerts: false, browserName: chrome-headless-shell, browserVersion: 127.0.6533.120, chrome: {chromedriverVersion: 127.0.6533.119 (bdef6783a05..., userDataDir: C:\Users\Shammi\AppData\Loc...}, fedcm:accounts: true, goog:chromeOptions: {debuggerAddress: localhost:57612}, networkConnectionEnabled: false, pageLoadStrategy: normal, platformName: windows, proxy: Proxy(), se:cdp: ws://localhost:57612/devtoo..., se:cdpVersion: 127.0.6533.120, setWindowRect: true, strictFileInteractability: false, timeouts: {implicit: 0, pageLoad: 300000, script: 30000}, unhandledPromptBehavior: dismiss and notify, webauthn:extension:credBlob: true, webauthn:extension:largeBlob: true, webauthn:extension:minPinLength: true, webauthn:extension:prf: true, webauthn:virtualAuthenticators: true}
Session ID: 0665e7967235076f42ecc7af79e15052
at org.openqa.selenium.support.ui.WebDriverWait.timeoutException(WebDriverWait.java:84)
at org.openqa.selenium.support.ui.FluentWait.until(FluentWait.java:229)
at com.qa.opencart.utils.ElementUtil.waitForVisibilityOfElement(ElementUtil.java:280)
at com.qa.opencart.pages.AccountsPage.doesLogoutLinkExist(AccountsPage.java:34)
at com.qa.opencart.tests.LoginPageTest.loginTest(LoginPageTest.java:50)
at java.base/jdk.internal.reflect.NativeMethodAccessorImpl.invoke0(Native Method)
at java.base/jdk.internal.reflect.NativeMethodAccessorImpl.invoke(NativeMethodAccessorImpl.java:62)
at java.base/jdk.internal.reflect.DelegatingMethodAccessorImpl.invoke(DelegatingMethodAccessorImpl.java:43)
at java.base/java.lang.reflect.Method.invoke(Method.java:566)
at org.testng.internal.invokers.MethodInvocationHelper.invokeMethod(MethodInvocationHelper.java:139)
at org.testng.internal.invokers.TestInvoker.invokeMethod(TestInvoker.java:677)
at org.testng.internal.invokers.TestInvoker.invokeTestMethod(TestInvoker.java:221)
at org.testng.internal.invokers.MethodRunner.runInSequence(MethodRunner.java:50)
at org.testng.internal.invokers.TestInvoker$MethodInvocationAgent.invoke(TestInvoker.java:969)
at org.testng.internal.invokers.TestInvoker.invokeTestMethods(TestInvoker.java:194)
at org.testng.internal.invokers.TestMethodWorker.invokeTestMethods(TestMethodWorker.java:148)
at org.testng.internal.invokers.TestMethodWorker.run(TestMethodWorker.java:128)
at java.base/java.util.ArrayList.forEach(ArrayList.java:1541)
at org.testng.TestRunner.privateRun(TestRunner.java:829)
at org.testng.TestRunner.run(TestRunner.java:602)
at org.testng.SuiteRunner.runTest(SuiteRunner.java:437)
at org.testng.SuiteRunner$SuiteWorker.run(SuiteRunner.java:475)
at org.testng.internal.thread.ThreadUtil.lambda$execute$0(ThreadUtil.java:58)
at java.base/java.util.concurrent.FutureTask.run(FutureTask.java:264)
at java.base/java.util.concurrent.ThreadPoolExecutor.runWorker(ThreadPoolExecutor.java:1128)
at java.base/java.util.concurrent.ThreadPoolExecutor$Worker.run(ThreadPoolExecutor.java:628)
at java.base/java.lang.Thread.run(Thread.java:834)
]]>
            </full-stacktrace>
          </exception> <!-- org.openqa.selenium.TimeoutException -->
          <reporter-output>
          </reporter-output>
        </test-method> <!-- loginTest -->
        <test-method is-config="true" signature="tearDown()[pri:0, instance:com.qa.opencart.tests.LoginPageTest@575e572f]" started-at="2024-08-20T19:36:16 IST" name="tearDown" finished-at="2024-08-20T19:36:17 IST" duration-ms="469" status="PASS">
          <reporter-output>
          </reporter-output>
        </test-method> <!-- tearDown -->
      </class> <!-- com.qa.opencart.tests.LoginPageTest -->
    </test> <!-- Login Page Test -->
  </suite> <!-- OpenCart Regression Suite -->
</testng-results>
