<?xml version="1.0" encoding="UTF-8"?>
<!-- Generated by org.testng.reporters.JUnitXMLReporter -->
<testsuite ignored="0" hostname="Shammi" failures="0" tests="7" name="Accounts Page Test" time="25.744" errors="0" timestamp="2024-08-20T18:03:02 IST">
  <testcase classname="com.qa.opencart.tests.AccountsPageTest" name="accountsPageHeadersCountTest" time="0.594"/>
  <testcase classname="com.qa.opencart.tests.AccountsPageTest" name="accountsPageHeadersTest" time="0.863"/>
  <testcase classname="com.qa.opencart.tests.AccountsPageTest" name="accountsPageTitleTest" time="0.064"/>
  <testcase classname="com.qa.opencart.tests.AccountsPageTest" name="accountsPageUrlTest" time="0.107"/>
  <testcase classname="com.qa.opencart.tests.AccountsPageTest" name="doesLogoutLinkExistTest" time="0.196"/>
  <testcase classname="com.qa.opencart.tests.AccountsPageTest" name="doesSearchBarExistTest" time="0.123"/>
  <testcase classname="com.qa.opencart.tests.AccountsPageTest" name="performSearchTest" time="2.468"/>
</testsuite> <!-- Accounts Page Test -->
