<?xml version="1.0" encoding="UTF-8"?>
<!-- Generated by org.testng.reporters.JUnitXMLReporter -->
<testsuite ignored="0" hostname="Shammi" failures="0" tests="5" name="Product Results Page Test" time="30.7" errors="0" timestamp="2024-08-20T18:03:07 IST">
  <testcase classname="com.qa.opencart.tests.ProductResultsPageTest" name="productImagesTest" time="3.735"/>
  <testcase classname="com.qa.opencart.tests.ProductResultsPageTest" name="productImagesTest" time="2.123"/>
  <testcase classname="com.qa.opencart.tests.ProductResultsPageTest" name="productImagesTest" time="2.325"/>
  <testcase classname="com.qa.opencart.tests.ProductResultsPageTest" name="productImagesTest" time="1.655"/>
  <testcase classname="com.qa.opencart.tests.ProductResultsPageTest" name="productInfoTest" time="2.144"/>
</testsuite> <!-- Product Results Page Test -->
