<?xml version="1.0" encoding="UTF-8"?>
<!-- Generated by org.testng.reporters.JUnitXMLReporter -->
<testsuite ignored="0" hostname="Shammi" failures="0" tests="3" name="Registration Page Test" time="0.93" errors="0" timestamp="2024-08-20T17:13:50 IST">
  <testcase classname="com.qa.opencart.tests.RegistrationPageTest" name="fillRegistrationFormTest" time="0.001">
    <skipped/>
  </testcase> <!-- fillRegistrationFormTest -->
  <testcase classname="com.qa.opencart.tests.RegistrationPageTest" name="fillRegistrationFormTest" time="0.0">
    <skipped/>
  </testcase> <!-- fillRegistrationFormTest -->
  <testcase classname="com.qa.opencart.tests.RegistrationPageTest" name="fillRegistrationFormTest" time="0.0">
    <skipped/>
  </testcase> <!-- fillRegistrationFormTest -->
</testsuite> <!-- Registration Page Test -->
